<?xml version="1.0" encoding="UTF-8"?>
<testng-results ignored="0" total="1" passed="1" failed="0" skipped="0">
  <reporter-output>
  </reporter-output>
  <suite started-at="2024-03-08T10:31:47 ICT" name="Default suite" finished-at="2024-03-08T10:31:55 ICT" duration-ms="7408">
    <groups>
    </groups>
    <test started-at="2024-03-08T10:31:47 ICT" name="Default test" finished-at="2024-03-08T10:31:55 ICT" duration-ms="7408">
      <class name="testpackage.Demo">
        <test-method is-config="true" signature="setUp()[pri:0, instance:testpackage.Demo@428640fa]" started-at="2024-03-08T10:31:47 ICT" name="setUp" finished-at="2024-03-08T10:31:54 ICT" duration-ms="6654" status="PASS">
          <reporter-output>
          </reporter-output>
        </test-method> <!-- setUp -->
        <test-method signature="loginTest()[pri:0, instance:testpackage.Demo@428640fa]" started-at="2024-03-08T10:31:54 ICT" name="loginTest" finished-at="2024-03-08T10:31:55 ICT" duration-ms="687" status="PASS">
          <reporter-output>
          </reporter-output>
        </test-method> <!-- loginTest -->
        <test-method is-config="true" signature="tearDown()[pri:0, instance:testpackage.Demo@428640fa]" started-at="2024-03-08T10:31:55 ICT" name="tearDown" finished-at="2024-03-08T10:31:55 ICT" duration-ms="3" status="PASS">
          <reporter-output>
          </reporter-output>
        </test-method> <!-- tearDown -->
      </class> <!-- testpackage.Demo -->
    </test> <!-- Default test -->
  </suite> <!-- Default suite -->
</testng-results>
