<?xml version="1.0" encoding="UTF-8"?>
<testng-results ignored="0" total="1" passed="1" failed="0" skipped="0">
  <reporter-output>
  </reporter-output>
  <suite started-at="2024-02-20T09:51:19 ICT" name="Default suite" finished-at="2024-02-20T09:51:30 ICT" duration-ms="11486">
    <groups>
    </groups>
    <test started-at="2024-02-20T09:51:19 ICT" name="Default test" finished-at="2024-02-20T09:51:30 ICT" duration-ms="11486">
      <class name="testpackage.Demo">
        <test-method signature="test()[pri:0, instance:testpackage.Demo@51e69659]" started-at="2024-02-20T09:51:19 ICT" name="test" finished-at="2024-02-20T09:51:30 ICT" duration-ms="11413" status="PASS">
          <reporter-output>
          </reporter-output>
        </test-method> <!-- test -->
      </class> <!-- testpackage.Demo -->
    </test> <!-- Default test -->
  </suite> <!-- Default suite -->
</testng-results>
